<?xml version="1.0" encoding="UTF-8"?>
<testsuite xmlns:xsi="http://www.w3.org/2001/XMLSchema-instance" xsi:noNamespaceSchemaLocation="https://maven.apache.org/surefire/maven-surefire-plugin/xsd/surefire-test-report.xsd" name="com.cassandra.ex3.AppTest" time="0.032" tests="1" errors="0" skipped="0" failures="0">
  <properties>
    <property name="sun.desktop" value="gnome"/>
    <property name="awt.toolkit" value="sun.awt.X11.XToolkit"/>
    <property name="java.specification.version" value="11"/>
    <property name="sun.cpu.isalist" value=""/>
    <property name="sun.jnu.encoding" value="UTF-8"/>
    <property name="java.class.path" value="/home/pedro/Desktop/CBD/lab03/ex3/cbd_ex3/target/test-classes:/home/pedro/Desktop/CBD/lab03/ex3/cbd_ex3/target/classes:/home/pedro/.m2/repository/junit/junit/4.11/junit-4.11.jar:/home/pedro/.m2/repository/org/hamcrest/hamcrest-core/1.3/hamcrest-core-1.3.jar:/home/pedro/.m2/repository/org/slf4j/slf4j-api/1.7.5/slf4j-api-1.7.5.jar:/home/pedro/.m2/repository/com/datastax/oss/java-driver-core/4.9.0/java-driver-core-4.9.0.jar:/home/pedro/.m2/repository/com/datastax/oss/native-protocol/1.4.11/native-protocol-1.4.11.jar:/home/pedro/.m2/repository/io/netty/netty-handler/4.1.51.Final/netty-handler-4.1.51.Final.jar:/home/pedro/.m2/repository/io/netty/netty-common/4.1.51.Final/netty-common-4.1.51.Final.jar:/home/pedro/.m2/repository/io/netty/netty-resolver/4.1.51.Final/netty-resolver-4.1.51.Final.jar:/home/pedro/.m2/repository/io/netty/netty-buffer/4.1.51.Final/netty-buffer-4.1.51.Final.jar:/home/pedro/.m2/repository/io/netty/netty-transport/4.1.51.Final/netty-transport-4.1.51.Final.jar:/home/pedro/.m2/repository/io/netty/netty-codec/4.1.51.Final/netty-codec-4.1.51.Final.jar:/home/pedro/.m2/repository/com/datastax/oss/java-driver-shaded-guava/25.1-jre-graal-sub-1/java-driver-shaded-guava-25.1-jre-graal-sub-1.jar:/home/pedro/.m2/repository/com/typesafe/config/1.3.4/config-1.3.4.jar:/home/pedro/.m2/repository/com/github/jnr/jnr-posix/3.0.50/jnr-posix-3.0.50.jar:/home/pedro/.m2/repository/com/github/jnr/jnr-ffi/2.1.10/jnr-ffi-2.1.10.jar:/home/pedro/.m2/repository/com/github/jnr/jffi/1.2.19/jffi-1.2.19.jar:/home/pedro/.m2/repository/com/github/jnr/jffi/1.2.19/jffi-1.2.19-native.jar:/home/pedro/.m2/repository/org/ow2/asm/asm/7.1/asm-7.1.jar:/home/pedro/.m2/repository/org/ow2/asm/asm-commons/7.1/asm-commons-7.1.jar:/home/pedro/.m2/repository/org/ow2/asm/asm-analysis/7.1/asm-analysis-7.1.jar:/home/pedro/.m2/repository/org/ow2/asm/asm-tree/7.1/asm-tree-7.1.jar:/home/pedro/.m2/repository/org/ow2/asm/asm-util/7.1/asm-util-7.1.jar:/home/pedro/.m2/repository/com/github/jnr/jnr-a64asm/1.0.0/jnr-a64asm-1.0.0.jar:/home/pedro/.m2/repository/com/github/jnr/jnr-x86asm/1.0.2/jnr-x86asm-1.0.2.jar:/home/pedro/.m2/repository/com/github/jnr/jnr-constants/0.9.12/jnr-constants-0.9.12.jar:/home/pedro/.m2/repository/io/dropwizard/metrics/metrics-core/4.0.5/metrics-core-4.0.5.jar:/home/pedro/.m2/repository/org/hdrhistogram/HdrHistogram/2.1.11/HdrHistogram-2.1.11.jar:/home/pedro/.m2/repository/com/esri/geometry/esri-geometry-api/1.2.1/esri-geometry-api-1.2.1.jar:/home/pedro/.m2/repository/org/json/json/20090211/json-20090211.jar:/home/pedro/.m2/repository/org/codehaus/jackson/jackson-core-asl/1.9.12/jackson-core-asl-1.9.12.jar:/home/pedro/.m2/repository/org/apache/tinkerpop/gremlin-core/3.4.8/gremlin-core-3.4.8.jar:/home/pedro/.m2/repository/org/apache/tinkerpop/gremlin-shaded/3.4.8/gremlin-shaded-3.4.8.jar:/home/pedro/.m2/repository/commons-configuration/commons-configuration/1.10/commons-configuration-1.10.jar:/home/pedro/.m2/repository/commons-lang/commons-lang/2.6/commons-lang-2.6.jar:/home/pedro/.m2/repository/commons-collections/commons-collections/3.2.2/commons-collections-3.2.2.jar:/home/pedro/.m2/repository/org/apache/commons/commons-lang3/3.8.1/commons-lang3-3.8.1.jar:/home/pedro/.m2/repository/org/javatuples/javatuples/1.2/javatuples-1.2.jar:/home/pedro/.m2/repository/com/squareup/javapoet/1.8.0/javapoet-1.8.0.jar:/home/pedro/.m2/repository/org/slf4j/jcl-over-slf4j/1.7.25/jcl-over-slf4j-1.7.25.jar:/home/pedro/.m2/repository/org/apache/tinkerpop/tinkergraph-gremlin/3.4.8/tinkergraph-gremlin-3.4.8.jar:/home/pedro/.m2/repository/com/fasterxml/jackson/core/jackson-core/2.11.0/jackson-core-2.11.0.jar:/home/pedro/.m2/repository/com/fasterxml/jackson/core/jackson-databind/2.11.0/jackson-databind-2.11.0.jar:/home/pedro/.m2/repository/com/fasterxml/jackson/core/jackson-annotations/2.11.0/jackson-annotations-2.11.0.jar:/home/pedro/.m2/repository/org/reactivestreams/reactive-streams/1.0.2/reactive-streams-1.0.2.jar:/home/pedro/.m2/repository/com/github/stephenc/jcip/jcip-annotations/1.0-1/jcip-annotations-1.0-1.jar:/home/pedro/.m2/repository/com/github/spotbugs/spotbugs-annotations/3.1.12/spotbugs-annotations-3.1.12.jar:/home/pedro/.m2/repository/com/google/code/findbugs/jsr305/3.0.2/jsr305-3.0.2.jar:/home/pedro/.m2/repository/com/datastax/oss/java-driver-query-builder/4.9.0/java-driver-query-builder-4.9.0.jar:/home/pedro/.m2/repository/com/datastax/oss/java-driver-mapper-runtime/4.9.0/java-driver-mapper-runtime-4.9.0.jar:"/>
    <property name="java.vm.vendor" value="Ubuntu"/>
    <property name="sun.arch.data.model" value="64"/>
    <property name="java.vendor.url" value="https://ubuntu.com/"/>
    <property name="user.timezone" value=""/>
    <property name="java.vm.specification.version" value="11"/>
    <property name="os.name" value="Linux"/>
    <property name="sun.java.launcher" value="SUN_STANDARD"/>
    <property name="user.country" value="US"/>
    <property name="sun.boot.library.path" value="/usr/lib/jvm/java-11-openjdk-amd64/lib"/>
    <property name="sun.java.command" value="/home/pedro/Desktop/CBD/lab03/ex3/cbd_ex3/target/surefire/surefirebooter11134419029310014703.jar /home/pedro/Desktop/CBD/lab03/ex3/cbd_ex3/target/surefire 2021-12-20T19-26-28_923-jvmRun1 surefire13083758080926718577tmp surefire_03722711027900479742tmp"/>
    <property name="jdk.debug" value="release"/>
    <property name="surefire.test.class.path" value="/home/pedro/Desktop/CBD/lab03/ex3/cbd_ex3/target/test-classes:/home/pedro/Desktop/CBD/lab03/ex3/cbd_ex3/target/classes:/home/pedro/.m2/repository/junit/junit/4.11/junit-4.11.jar:/home/pedro/.m2/repository/org/hamcrest/hamcrest-core/1.3/hamcrest-core-1.3.jar:/home/pedro/.m2/repository/org/slf4j/slf4j-api/1.7.5/slf4j-api-1.7.5.jar:/home/pedro/.m2/repository/com/datastax/oss/java-driver-core/4.9.0/java-driver-core-4.9.0.jar:/home/pedro/.m2/repository/com/datastax/oss/native-protocol/1.4.11/native-protocol-1.4.11.jar:/home/pedro/.m2/repository/io/netty/netty-handler/4.1.51.Final/netty-handler-4.1.51.Final.jar:/home/pedro/.m2/repository/io/netty/netty-common/4.1.51.Final/netty-common-4.1.51.Final.jar:/home/pedro/.m2/repository/io/netty/netty-resolver/4.1.51.Final/netty-resolver-4.1.51.Final.jar:/home/pedro/.m2/repository/io/netty/netty-buffer/4.1.51.Final/netty-buffer-4.1.51.Final.jar:/home/pedro/.m2/repository/io/netty/netty-transport/4.1.51.Final/netty-transport-4.1.51.Final.jar:/home/pedro/.m2/repository/io/netty/netty-codec/4.1.51.Final/netty-codec-4.1.51.Final.jar:/home/pedro/.m2/repository/com/datastax/oss/java-driver-shaded-guava/25.1-jre-graal-sub-1/java-driver-shaded-guava-25.1-jre-graal-sub-1.jar:/home/pedro/.m2/repository/com/typesafe/config/1.3.4/config-1.3.4.jar:/home/pedro/.m2/repository/com/github/jnr/jnr-posix/3.0.50/jnr-posix-3.0.50.jar:/home/pedro/.m2/repository/com/github/jnr/jnr-ffi/2.1.10/jnr-ffi-2.1.10.jar:/home/pedro/.m2/repository/com/github/jnr/jffi/1.2.19/jffi-1.2.19.jar:/home/pedro/.m2/repository/com/github/jnr/jffi/1.2.19/jffi-1.2.19-native.jar:/home/pedro/.m2/repository/org/ow2/asm/asm/7.1/asm-7.1.jar:/home/pedro/.m2/repository/org/ow2/asm/asm-commons/7.1/asm-commons-7.1.jar:/home/pedro/.m2/repository/org/ow2/asm/asm-analysis/7.1/asm-analysis-7.1.jar:/home/pedro/.m2/repository/org/ow2/asm/asm-tree/7.1/asm-tree-7.1.jar:/home/pedro/.m2/repository/org/ow2/asm/asm-util/7.1/asm-util-7.1.jar:/home/pedro/.m2/repository/com/github/jnr/jnr-a64asm/1.0.0/jnr-a64asm-1.0.0.jar:/home/pedro/.m2/repository/com/github/jnr/jnr-x86asm/1.0.2/jnr-x86asm-1.0.2.jar:/home/pedro/.m2/repository/com/github/jnr/jnr-constants/0.9.12/jnr-constants-0.9.12.jar:/home/pedro/.m2/repository/io/dropwizard/metrics/metrics-core/4.0.5/metrics-core-4.0.5.jar:/home/pedro/.m2/repository/org/hdrhistogram/HdrHistogram/2.1.11/HdrHistogram-2.1.11.jar:/home/pedro/.m2/repository/com/esri/geometry/esri-geometry-api/1.2.1/esri-geometry-api-1.2.1.jar:/home/pedro/.m2/repository/org/json/json/20090211/json-20090211.jar:/home/pedro/.m2/repository/org/codehaus/jackson/jackson-core-asl/1.9.12/jackson-core-asl-1.9.12.jar:/home/pedro/.m2/repository/org/apache/tinkerpop/gremlin-core/3.4.8/gremlin-core-3.4.8.jar:/home/pedro/.m2/repository/org/apache/tinkerpop/gremlin-shaded/3.4.8/gremlin-shaded-3.4.8.jar:/home/pedro/.m2/repository/commons-configuration/commons-configuration/1.10/commons-configuration-1.10.jar:/home/pedro/.m2/repository/commons-lang/commons-lang/2.6/commons-lang-2.6.jar:/home/pedro/.m2/repository/commons-collections/commons-collections/3.2.2/commons-collections-3.2.2.jar:/home/pedro/.m2/repository/org/apache/commons/commons-lang3/3.8.1/commons-lang3-3.8.1.jar:/home/pedro/.m2/repository/org/javatuples/javatuples/1.2/javatuples-1.2.jar:/home/pedro/.m2/repository/com/squareup/javapoet/1.8.0/javapoet-1.8.0.jar:/home/pedro/.m2/repository/org/slf4j/jcl-over-slf4j/1.7.25/jcl-over-slf4j-1.7.25.jar:/home/pedro/.m2/repository/org/apache/tinkerpop/tinkergraph-gremlin/3.4.8/tinkergraph-gremlin-3.4.8.jar:/home/pedro/.m2/repository/com/fasterxml/jackson/core/jackson-core/2.11.0/jackson-core-2.11.0.jar:/home/pedro/.m2/repository/com/fasterxml/jackson/core/jackson-databind/2.11.0/jackson-databind-2.11.0.jar:/home/pedro/.m2/repository/com/fasterxml/jackson/core/jackson-annotations/2.11.0/jackson-annotations-2.11.0.jar:/home/pedro/.m2/repository/org/reactivestreams/reactive-streams/1.0.2/reactive-streams-1.0.2.jar:/home/pedro/.m2/repository/com/github/stephenc/jcip/jcip-annotations/1.0-1/jcip-annotations-1.0-1.jar:/home/pedro/.m2/repository/com/github/spotbugs/spotbugs-annotations/3.1.12/spotbugs-annotations-3.1.12.jar:/home/pedro/.m2/repository/com/google/code/findbugs/jsr305/3.0.2/jsr305-3.0.2.jar:/home/pedro/.m2/repository/com/datastax/oss/java-driver-query-builder/4.9.0/java-driver-query-builder-4.9.0.jar:/home/pedro/.m2/repository/com/datastax/oss/java-driver-mapper-runtime/4.9.0/java-driver-mapper-runtime-4.9.0.jar:"/>
    <property name="sun.cpu.endian" value="little"/>
    <property name="user.home" value="/home/pedro"/>
    <property name="user.language" value="en"/>
    <property name="java.specification.vendor" value="Oracle Corporation"/>
    <property name="java.version.date" value="2021-01-19"/>
    <property name="java.home" value="/usr/lib/jvm/java-11-openjdk-amd64"/>
    <property name="file.separator" value="/"/>
    <property name="basedir" value="/home/pedro/Desktop/CBD/lab03/ex3/cbd_ex3"/>
    <property name="java.vm.compressedOopsMode" value="Zero based"/>
    <property name="line.separator" value="&#10;"/>
    <property name="java.specification.name" value="Java Platform API Specification"/>
    <property name="java.vm.specification.vendor" value="Oracle Corporation"/>
    <property name="java.awt.graphicsenv" value="sun.awt.X11GraphicsEnvironment"/>
    <property name="surefire.real.class.path" value="/home/pedro/Desktop/CBD/lab03/ex3/cbd_ex3/target/surefire/surefirebooter11134419029310014703.jar"/>
    <property name="sun.management.compiler" value="HotSpot 64-Bit Tiered Compilers"/>
    <property name="java.runtime.version" value="11.0.10+9-Ubuntu-0ubuntu1.20.04"/>
    <property name="user.name" value="pedro"/>
    <property name="path.separator" value=":"/>
    <property name="os.version" value="5.4.0-67-generic"/>
    <property name="java.runtime.name" value="OpenJDK Runtime Environment"/>
    <property name="file.encoding" value="UTF-8"/>
    <property name="java.vm.name" value="OpenJDK 64-Bit Server VM"/>
    <property name="localRepository" value="/home/pedro/.m2/repository"/>
    <property name="java.vendor.url.bug" value="https://bugs.launchpad.net/ubuntu/+source/openjdk-lts"/>
    <property name="java.io.tmpdir" value="/tmp"/>
    <property name="java.version" value="11.0.10"/>
    <property name="user.dir" value="/home/pedro/Desktop/CBD/lab03/ex3/cbd_ex3"/>
    <property name="os.arch" value="amd64"/>
    <property name="java.vm.specification.name" value="Java Virtual Machine Specification"/>
    <property name="java.awt.printerjob" value="sun.print.PSPrinterJob"/>
    <property name="sun.os.patch.level" value="unknown"/>
    <property name="java.library.path" value="/usr/java/packages/lib:/usr/lib/x86_64-linux-gnu/jni:/lib/x86_64-linux-gnu:/usr/lib/x86_64-linux-gnu:/usr/lib/jni:/lib:/usr/lib"/>
    <property name="java.vm.info" value="mixed mode, sharing"/>
    <property name="java.vendor" value="Ubuntu"/>
    <property name="java.vm.version" value="11.0.10+9-Ubuntu-0ubuntu1.20.04"/>
    <property name="sun.io.unicode.encoding" value="UnicodeLittle"/>
    <property name="java.class.version" value="55.0"/>
  </properties>
  <testcase name="shouldAnswerWithTrue" classname="com.cassandra.ex3.AppTest" time="0.003"/>
</testsuite>